           *******************************************************
                            Listing of SPARK Text
                              Examiner GPL 2012
             Copyright (C) 2012 Altran Praxis Limited, Bath, U.K.
           *******************************************************


                        DATE : 27-SEP-2016 12:31:27.01

Line
   1  package body Sensors
   2  is
   3  State : Sensor_Type;
   4  
   5  begin
   6      Sensor_Type := Sensor_Type.Proceed;
          ^1             ^3
*** (  1)  Semantic Error    :609: This entity cannot be assigned to [Ada LRM 
           5.2(2)].
--- (  2)  Warning           :430: SLI generation abandoned owing to syntax or 
           semantic errors or multiple units in a single source file.
*** (  3)  Semantic Error    :  5: Illegal use of identifier Sensor_Type.

   7  end Sensors;
          ^4,5,6
*** (  4)  Semantic Error    : 29: The subprogram Write_Sensors, declared in the 
           package specification, does not have an associated body [Ada LRM 
           6.1(20)].
*** (  5)  Semantic Error    : 29: The subprogram Read_Sensor, declared in the 
           package specification, does not have an associated body [Ada LRM 
           6.1(20)].
*** (  6)  Semantic Error    : 29: The subprogram Read_Sensor_Majority, declared in 
           the package specification, does not have an associated body [Ada LRM 
           6.1(20)].


Note: Flow analysis mode is automatic


--End of file--------------------------------------------------
