           *******************************************************
                            Listing of SPARK Text
                              Examiner GPL 2012
             Copyright (C) 2012 Altran Praxis Limited, Bath, U.K.
           *******************************************************


                        DATE : 16-SEP-2016 09:29:02.26

Line
   1  package body Max
   2  is
   3  
   4      procedure Int_Max(X,Y: in Integer; Z: out Integer)
   5      is
   6      begin
   7      if X >= Y then
   8           Z := X;
   9      else
  10           Z := Y;
  11      end if;
  12      end Int_Max;

+++        Flow analysis of subprogram Int_Max performed 
           (information-flow mode): no errors found.

  13  end Max;

Note: Flow analysis mode is automatic


--End of file--------------------------------------------------
